<?xml version="1.0" encoding="UTF-8"?>
<testsuite xmlns:xsi="http://www.w3.org/2001/XMLSchema-instance" xsi:noNamespaceSchemaLocation="https://maven.apache.org/surefire/maven-surefire-plugin/xsd/surefire-test-report-3.0.xsd" version="3.0" name="es.druedam.ProyectoNaves.ProyectoNavesApplicationTests" time="5.782" tests="1" errors="0" skipped="0" failures="0">
  <properties>
[...]
</properties>
  <testcase name="contextLoads" classname="es.druedam.ProyectoNaves.ProyectoNavesApplicationTests" time="0.408">
    <system-out><![CDATA[18:51:26.825 [main] INFO org.springframework.test.context.support.AnnotationConfigContextLoaderUtils -- Could not detect default configuration classes for test class [es.druedam.ProyectoNaves.ProyectoNavesApplicationTests]: ProyectoNavesApplicationTests does not declare any static, non-private, non-final, nested classes annotated with @Configuration.
18:51:26.922 [main] INFO org.springframework.boot.test.context.SpringBootTestContextBootstrapper -- Found @SpringBootConfiguration es.druedam.ProyectoNaves.ProyectoNavesApplication for test class es.druedam.ProyectoNaves.ProyectoNavesApplicationTests
  .   ____          _            __ _ _
 /\\ / ___'_ __ _ _(_)_ __  __ _ \ \ \ \
( ( )\___ | '_ | '_| | '_ \/ _` | \ \ \ \
 \\/  ___)| |_)| | | | | || (_| |  ) ) ) )
  '  |____| .__|_| |_|_| |_\__, | / / / /
 =========|_|==============|___/=/_/_/_/

 :: Spring Boot ::                (v3.3.0)

2024-06-05T18:51:27.269+02:00  INFO 8228 --- [ProyectoNaves] [           main] e.d.P.ProyectoNavesApplicationTests      : Starting ProyectoNavesApplicationTests using Java 18.0.2.1 with PID 8228 (started by david in C:\Users\david\SynologyDrive\ProyectoNavesControlAceso\ProyectoNavesAPI)
2024-06-05T18:51:27.271+02:00  INFO 8228 --- [ProyectoNaves] [           main] e.d.P.ProyectoNavesApplicationTests      : No active profile set, falling back to 1 default profile: "default"
2024-06-05T18:51:27.934+02:00  INFO 8228 --- [ProyectoNaves] [           main] .s.d.r.c.RepositoryConfigurationDelegate : Bootstrapping Spring Data JPA repositories in DEFAULT mode.
2024-06-05T18:51:27.992+02:00  INFO 8228 --- [ProyectoNaves] [           main] .s.d.r.c.RepositoryConfigurationDelegate : Finished Spring Data repository scanning in 49 ms. Found 2 JPA repository interfaces.
2024-06-05T18:51:28.480+02:00  INFO 8228 --- [ProyectoNaves] [           main] o.hibernate.jpa.internal.util.LogHelper  : HHH000204: Processing PersistenceUnitInfo [name: default]
2024-06-05T18:51:28.555+02:00  INFO 8228 --- [ProyectoNaves] [           main] org.hibernate.Version                    : HHH000412: Hibernate ORM core version 6.5.2.Final
2024-06-05T18:51:28.595+02:00  INFO 8228 --- [ProyectoNaves] [           main] o.h.c.internal.RegionFactoryInitiator    : HHH000026: Second-level cache disabled
2024-06-05T18:51:29.011+02:00  INFO 8228 --- [ProyectoNaves] [           main] o.s.o.j.p.SpringPersistenceUnitInfo      : No LoadTimeWeaver setup: ignoring JPA class transformer
2024-06-05T18:51:29.041+02:00  INFO 8228 --- [ProyectoNaves] [           main] com.zaxxer.hikari.HikariDataSource       : HikariPool-1 - Starting...
2024-06-05T18:51:29.336+02:00  INFO 8228 --- [ProyectoNaves] [           main] com.zaxxer.hikari.pool.HikariPool        : HikariPool-1 - Added connection com.mysql.cj.jdbc.ConnectionImpl@2513155a
2024-06-05T18:51:29.339+02:00  INFO 8228 --- [ProyectoNaves] [           main] com.zaxxer.hikari.HikariDataSource       : HikariPool-1 - Start completed.
2024-06-05T18:51:30.325+02:00  INFO 8228 --- [ProyectoNaves] [           main] o.h.e.t.j.p.i.JtaPlatformInitiator       : HHH000489: No JTA platform available (set 'hibernate.transaction.jta.platform' to enable JTA platform integration)
2024-06-05T18:51:30.357+02:00  INFO 8228 --- [ProyectoNaves] [           main] j.LocalContainerEntityManagerFactoryBean : Initialized JPA EntityManagerFactory for persistence unit 'default'
2024-06-05T18:51:30.627+02:00  INFO 8228 --- [ProyectoNaves] [           main] o.s.d.j.r.query.QueryEnhancerFactory     : Hibernate is in classpath; If applicable, HQL parser will be used.
2024-06-05T18:51:31.540+02:00  WARN 8228 --- [ProyectoNaves] [           main] JpaBaseConfiguration$JpaWebConfiguration : spring.jpa.open-in-view is enabled by default. Therefore, database queries may be performed during view rendering. Explicitly configure spring.jpa.open-in-view to disable this warning
2024-06-05T18:51:32.013+02:00  INFO 8228 --- [ProyectoNaves] [           main] e.d.P.ProyectoNavesApplicationTests      : Started ProyectoNavesApplicationTests in 4.962 seconds (process running for 5.786)
]]></system-out>
  </testcase>
</testsuite>